#
# There is insufficient memory for the Java Runtime Environment to continue.
# Native memory allocation (mmap) failed to map 61865984 bytes for committing reserved memory.
# Possible reasons:
#   The system is out of physical RAM or swap space
#   In 32 bit mode, the process size limit was hit
# Possible solutions:
#   Reduce memory load on the system
#   Increase physical memory or swap space
#   Check if swap backing store is full
#   Use 64 bit Java on a 64 bit OS
#   Decrease Java heap size (-Xmx/-Xms)
#   Decrease number of Java threads
#   Decrease Java thread stack sizes (-Xss)
#   Set larger code cache with -XX:ReservedCodeCacheSize=
# This output file may be truncated or incomplete.
#
#  Out of Memory Error (os_linux.cpp:2640), pid=29331, tid=0x00007fea3e7e7700
#
# JRE version: Java(TM) SE Runtime Environment (8.0_172-b11) (build 1.8.0_172-b11)
# Java VM: Java HotSpot(TM) 64-Bit Server VM (25.172-b11 mixed mode linux-amd64 compressed oops)
# Failed to write core dump. Core dumps have been disabled. To enable core dumping, try "ulimit -c unlimited" before starting Java again
#

---------------  T H R E A D  ---------------

Current thread (0x00007fea74080800):  VMThread [stack: 0x00007fea3e6e8000,0x00007fea3e7e8000] [id=29344]

Stack: [0x00007fea3e6e8000,0x00007fea3e7e8000],  sp=0x00007fea3e7e6220,  free space=1016k
Native frames: (J=compiled Java code, j=interpreted, Vv=VM code, C=native code)
V  [libjvm.so+0xad221a]  VMError::report_and_die()+0x2ba
V  [libjvm.so+0x50185b]  report_vm_out_of_memory(char const*, int, unsigned long, VMErrorType, char const*)+0x8b
V  [libjvm.so+0x92fee3]  os::Linux::commit_memory_impl(char*, unsigned long, bool)+0x123
V  [libjvm.so+0x930109]  os::pd_commit_memory(char*, unsigned long, unsigned long, bool)+0x29
V  [libjvm.so+0x9273ca]  os::commit_memory(char*, unsigned long, unsigned long, bool)+0x2a
V  [libjvm.so+0x99d363]  PSVirtualSpace::expand_by(unsigned long)+0x53
V  [libjvm.so+0x98dc20]  PSOldGen::expand(unsigned long)+0x170
V  [libjvm.so+0x98de2b]  PSOldGen::resize(unsigned long)+0x1cb
V  [libjvm.so+0x995b31]  PSParallelCompact::invoke_no_policy(bool)+0x991
V  [libjvm.so+0x99b48d]  PSScavenge::invoke()+0x1ad
V  [libjvm.so+0x951df0]  ParallelScavengeHeap::failed_mem_allocate(unsigned long)+0x70
V  [libjvm.so+0xad3c97]  VM_ParallelGCFailedAllocation::doit()+0x97
V  [libjvm.so+0xadb7b5]  VM_Operation::evaluate()+0x55
V  [libjvm.so+0xad9b7a]  VMThread::evaluate_operation(VM_Operation*)+0xba
V  [libjvm.so+0xad9efe]  VMThread::loop()+0x1ce
V  [libjvm.so+0xada370]  VMThread::run()+0x70
V  [libjvm.so+0x930248]  java_start(Thread*)+0x108

VM_Operation (0x00007fe9a30ef220): ParallelGCFailedAllocation, mode: safepoint, requested by thread 0x00007fea04006800


---------------  P R O C E S S  ---------------

Java Threads: ( => current thread )
  0x00007fe9c0005000 JavaThread "Thread-79" [_thread_blocked, id=29693, stack(0x00007fe9a0bcc000,0x00007fe9a0ccd000)]
  0x00007fea08005000 JavaThread "Thread-78" [_thread_blocked, id=29692, stack(0x00007fe9a0ccd000,0x00007fe9a0dce000)]
  0x00007fe9c0003000 JavaThread "Thread-69" [_thread_blocked, id=29691, stack(0x00007fe9a0dce000,0x00007fe9a0ecf000)]
  0x00007fea08003000 JavaThread "Thread-52" [_thread_blocked, id=29690, stack(0x00007fe9a0ecf000,0x00007fe9a0fd0000)]
  0x00007fe9c0001000 JavaThread "Thread-31" [_thread_blocked, id=29689, stack(0x00007fe9a0fd0000,0x00007fe9a10d1000)]
  0x00007fea08001000 JavaThread "Thread-24" [_thread_blocked, id=29688, stack(0x00007fe9a10d1000,0x00007fe9a11d2000)]
  0x00007fe9dc005000 JavaThread "Thread-77" [_thread_blocked, id=29687, stack(0x00007fe9a11d2000,0x00007fe9a12d3000)]
  0x00007fe9ec005000 JavaThread "Thread-76" [_thread_blocked, id=29686, stack(0x00007fe9a12d3000,0x00007fe9a13d4000)]
  0x00007fe9d4006000 JavaThread "Thread-75" [_thread_blocked, id=29685, stack(0x00007fe9a13d4000,0x00007fe9a14d5000)]
  0x00007fe9d0005000 JavaThread "Thread-73" [_thread_blocked, id=29684, stack(0x00007fe9a14d5000,0x00007fe9a15d6000)]
  0x00007fe9f8005000 JavaThread "Thread-72" [_thread_blocked, id=29683, stack(0x00007fe9a15d6000,0x00007fe9a16d7000)]
  0x00007fe9f4005000 JavaThread "Thread-70" [_thread_blocked, id=29682, stack(0x00007fe9a16d7000,0x00007fe9a17d8000)]
  0x00007fe9f4003000 JavaThread "Thread-68" [_thread_blocked, id=29681, stack(0x00007fe9a17d8000,0x00007fe9a18d9000)]
  0x00007fe9f8003000 JavaThread "Thread-66" [_thread_blocked, id=29680, stack(0x00007fe9a18d9000,0x00007fe9a19da000)]
  0x00007fea1400a800 JavaThread "Thread-74" [_thread_blocked, id=29679, stack(0x00007fe9a19da000,0x00007fe9a1adb000)]
  0x00007fe9d0003000 JavaThread "Thread-64" [_thread_blocked, id=29678, stack(0x00007fe9a1adb000,0x00007fe9a1bdc000)]
  0x00007fe9d4004000 JavaThread "Thread-60" [_thread_blocked, id=29677, stack(0x00007fe9a1bdc000,0x00007fe9a1cdd000)]
  0x00007fe9ec003000 JavaThread "Thread-59" [_thread_blocked, id=29676, stack(0x00007fe9a1cdd000,0x00007fe9a1dde000)]
  0x00007fe9dc003000 JavaThread "Thread-55" [_thread_blocked, id=29675, stack(0x00007fe9a1dde000,0x00007fe9a1edf000)]
  0x00007fe9dc001000 JavaThread "Thread-49" [_thread_blocked, id=29674, stack(0x00007fe9a1edf000,0x00007fe9a1fe0000)]
  0x00007fea0400a800 JavaThread "Thread-54" [_thread_blocked, id=29673, stack(0x00007fe9a1fe0000,0x00007fe9a20e1000)]
  0x00007fe9ec001000 JavaThread "Thread-42" [_thread_blocked, id=29672, stack(0x00007fe9a20e1000,0x00007fe9a21e2000)]
  0x00007fe9d4001800 JavaThread "Thread-43" [_thread_blocked, id=29671, stack(0x00007fe9a21e2000,0x00007fe9a22e3000)]
  0x00007fea0c005000 JavaThread "Thread-56" [_thread_blocked, id=29670, stack(0x00007fe9a22e3000,0x00007fe9a23e4000)]
  0x00007fe9d0001000 JavaThread "Thread-34" [_thread_blocked, id=29669, stack(0x00007fe9a23e4000,0x00007fe9a24e5000)]
  0x00007fea14008800 JavaThread "Thread-61" [_thread_blocked, id=29668, stack(0x00007fe9a24e5000,0x00007fe9a25e6000)]
  0x00007fe9f8001000 JavaThread "Thread-32" [_thread_blocked, id=29667, stack(0x00007fe9a25e6000,0x00007fe9a26e7000)]
  0x00007fe9f4001000 JavaThread "Thread-30" [_thread_blocked, id=29666, stack(0x00007fe9a26e7000,0x00007fe9a27e8000)]
  0x00007fe9d8005000 JavaThread "Thread-71" [_thread_blocked, id=29665, stack(0x00007fe9a27e8000,0x00007fe9a28e9000)]
  0x00007fe9d8003000 JavaThread "Thread-67" [_thread_blocked, id=29664, stack(0x00007fe9a28e9000,0x00007fe9a29ea000)]
  0x00007fe9d8001000 JavaThread "Thread-29" [_thread_blocked, id=29663, stack(0x00007fe9a29ea000,0x00007fe9a2aeb000)]
  0x00007fea14006800 JavaThread "Thread-36" [_thread_blocked, id=29662, stack(0x00007fe9a2aeb000,0x00007fe9a2bec000)]
  0x00007fe9e4005000 JavaThread "Thread-65" [_thread_blocked, id=29661, stack(0x00007fe9a2bec000,0x00007fe9a2ced000)]
  0x00007fea0c003000 JavaThread "Thread-48" [_thread_blocked, id=29660, stack(0x00007fe9a2ced000,0x00007fe9a2dee000)]
  0x00007fea0c001000 JavaThread "Thread-27" [_thread_blocked, id=29659, stack(0x00007fe9a2dee000,0x00007fe9a2eef000)]
  0x00007fea04008800 JavaThread "Thread-50" [_thread_blocked, id=29658, stack(0x00007fe9a2eef000,0x00007fe9a2ff0000)]
  0x00007fea04006800 JavaThread "Thread-25" [_thread_blocked, id=29657, stack(0x00007fe9a2ff0000,0x00007fe9a30f1000)]
  0x00007fe9fc005000 JavaThread "Thread-58" [_thread_blocked, id=29656, stack(0x00007fe9a30f1000,0x00007fe9a31f2000)]
  0x00007fe9fc003000 JavaThread "Thread-46" [_thread_blocked, id=29655, stack(0x00007fe9a31f2000,0x00007fe9a32f3000)]
  0x00007fe9fc001000 JavaThread "Thread-44" [_thread_blocked, id=29654, stack(0x00007fe9a32f3000,0x00007fe9a33f4000)]
  0x00007fea0000a800 JavaThread "Thread-41" [_thread_blocked, id=29653, stack(0x00007fe9a33f4000,0x00007fe9a34f5000)]
  0x00007fea00008800 JavaThread "Thread-39" [_thread_blocked, id=29652, stack(0x00007fe9a34f5000,0x00007fe9a35f6000)]
  0x00007fea00006800 JavaThread "Thread-26" [_thread_blocked, id=29651, stack(0x00007fe9a35f6000,0x00007fe9a36f7000)]
  0x00007fe9e4003000 JavaThread "Thread-33" [_thread_blocked, id=29650, stack(0x00007fe9a36f7000,0x00007fe9a37f8000)]
  0x00007fe9e4001000 JavaThread "Thread-28" [_thread_blocked, id=29649, stack(0x00007fe9a37f8000,0x00007fe9a38f9000)]
  0x00007fe9f0005000 JavaThread "Thread-63" [_thread_blocked, id=29648, stack(0x00007fe9a38f9000,0x00007fe9a39fa000)]
  0x00007fe9f0003000 JavaThread "Thread-62" [_thread_blocked, id=29647, stack(0x00007fe9a39fa000,0x00007fe9a3afb000)]
  0x00007fe9f0001000 JavaThread "Thread-35" [_thread_blocked, id=29646, stack(0x00007fe9a3afb000,0x00007fe9a3bfc000)]
  0x00007fe9e8005000 JavaThread "Thread-57" [_thread_blocked, id=29645, stack(0x00007fe9a3bfc000,0x00007fe9a3cfd000)]
  0x00007fe9e8003000 JavaThread "Thread-47" [_thread_blocked, id=29644, stack(0x00007fe9a3cfd000,0x00007fe9a3dfe000)]
  0x00007fe9e8001000 JavaThread "Thread-45" [_thread_blocked, id=29643, stack(0x00007fe9a3dfe000,0x00007fe9a3eff000)]
  0x00007fe9cc005000 JavaThread "Thread-53" [_thread_blocked, id=29642, stack(0x00007fe9a3eff000,0x00007fe9a4000000)]
  0x00007fe9cc003000 JavaThread "Thread-51" [_thread_blocked, id=29641, stack(0x00007fea3c027000,0x00007fea3c128000)]
  0x00007fe9cc001000 JavaThread "Thread-22" [_thread_blocked, id=29640, stack(0x00007fea3c128000,0x00007fea3c229000)]
  0x00007fe9e0005000 JavaThread "Thread-40" [_thread_blocked, id=29639, stack(0x00007fea3c229000,0x00007fea3c32a000)]
  0x00007fe9e0003000 JavaThread "Thread-38" [_thread_blocked, id=29638, stack(0x00007fea3c32a000,0x00007fea3c42b000)]
  0x00007fe9e0001000 JavaThread "Thread-37" [_thread_blocked, id=29637, stack(0x00007fea3c42b000,0x00007fea3c52c000)]
  0x00007fe9c8005000 JavaThread "Thread-23" [_thread_blocked, id=29636, stack(0x00007fea3c52c000,0x00007fea3c62d000)]
  0x00007fe9c8003000 JavaThread "Thread-21" [_thread_blocked, id=29635, stack(0x00007fea3c62d000,0x00007fea3c72e000)]
  0x00007fe9c8001800 JavaThread "Thread-20" [_thread_blocked, id=29634, stack(0x00007fea3c72e000,0x00007fea3c82f000)]
  0x00007fea74155800 JavaThread "Thread-19" [_thread_blocked, id=29633, stack(0x00007fea3c82f000,0x00007fea3c930000)]
  0x00007fea74153800 JavaThread "Thread-18" [_thread_blocked, id=29632, stack(0x00007fea3c930000,0x00007fea3ca31000)]
  0x00007fea74151800 JavaThread "Thread-17" [_thread_blocked, id=29631, stack(0x00007fea3ca31000,0x00007fea3cb32000)]
  0x00007fea74150000 JavaThread "Thread-16" [_thread_blocked, id=29630, stack(0x00007fea3cb32000,0x00007fea3cc33000)]
  0x00007fea7414e000 JavaThread "Thread-15" [_thread_blocked, id=29629, stack(0x00007fea3cc33000,0x00007fea3cd34000)]
  0x00007fea7414c000 JavaThread "Thread-14" [_thread_blocked, id=29628, stack(0x00007fea3cd34000,0x00007fea3ce35000)]
  0x00007fea7414a000 JavaThread "Thread-13" [_thread_blocked, id=29627, stack(0x00007fea3ce35000,0x00007fea3cf36000)]
  0x00007fea74148000 JavaThread "Thread-12" [_thread_blocked, id=29626, stack(0x00007fea3cf36000,0x00007fea3d037000)]
  0x00007fea74146000 JavaThread "Thread-11" [_thread_blocked, id=29625, stack(0x00007fea3d037000,0x00007fea3d138000)]
  0x00007fea74103800 JavaThread "Thread-10" [_thread_blocked, id=29624, stack(0x00007fea3d138000,0x00007fea3d239000)]
  0x00007fea74102000 JavaThread "Thread-9" [_thread_blocked, id=29623, stack(0x00007fea3d239000,0x00007fea3d33a000)]
  0x00007fea74100000 JavaThread "Thread-8" [_thread_blocked, id=29622, stack(0x00007fea3d33a000,0x00007fea3d43b000)]
  0x00007fea740fe800 JavaThread "Thread-7" [_thread_blocked, id=29621, stack(0x00007fea3d43b000,0x00007fea3d53c000)]
  0x00007fea740fd000 JavaThread "Thread-6" [_thread_blocked, id=29620, stack(0x00007fea3d53c000,0x00007fea3d63d000)]
  0x00007fea74139800 JavaThread "Thread-5" [_thread_blocked, id=29619, stack(0x00007fea3d63d000,0x00007fea3d73e000)]
  0x00007fea74138000 JavaThread "Thread-4" [_thread_blocked, id=29618, stack(0x00007fea3d73e000,0x00007fea3d83f000)]
  0x00007fea74136000 JavaThread "Thread-3" [_thread_blocked, id=29617, stack(0x00007fea3d83f000,0x00007fea3d940000)]
  0x00007fea74134800 JavaThread "Thread-2" [_thread_blocked, id=29616, stack(0x00007fea3d940000,0x00007fea3da41000)]
  0x00007fea74133800 JavaThread "Thread-1" [_thread_blocked, id=29615, stack(0x00007fea3da41000,0x00007fea3db42000)]
  0x00007fea7413e000 JavaThread "Thread-0" [_thread_blocked, id=29614, stack(0x00007fea3db42000,0x00007fea3dc43000)]
  0x00007fea740cb000 JavaThread "Service Thread" daemon [_thread_blocked, id=29352, stack(0x00007fea3dd44000,0x00007fea3de45000)]
  0x00007fea740c8000 JavaThread "C1 CompilerThread3" daemon [_thread_blocked, id=29351, stack(0x00007fea3de46000,0x00007fea3df46000)]
  0x00007fea740c6000 JavaThread "C2 CompilerThread2" daemon [_thread_blocked, id=29350, stack(0x00007fea3df47000,0x00007fea3e047000)]
  0x00007fea740c4000 JavaThread "C2 CompilerThread1" daemon [_thread_blocked, id=29349, stack(0x00007fea3e048000,0x00007fea3e148000)]
  0x00007fea740c1800 JavaThread "C2 CompilerThread0" daemon [_thread_blocked, id=29348, stack(0x00007fea3e149000,0x00007fea3e249000)]
  0x00007fea740c0000 JavaThread "Signal Dispatcher" daemon [_thread_blocked, id=29347, stack(0x00007fea3e249000,0x00007fea3e34a000)]
  0x00007fea7408d000 JavaThread "Finalizer" daemon [_thread_blocked, id=29346, stack(0x00007fea3e4e5000,0x00007fea3e5e6000)]
  0x00007fea7408a800 JavaThread "Reference Handler" daemon [_thread_blocked, id=29345, stack(0x00007fea3e5e6000,0x00007fea3e6e7000)]
  0x00007fea7400a800 JavaThread "main" [_thread_blocked, id=29335, stack(0x00007fea7c14e000,0x00007fea7c24e000)]

Other Threads:
=>0x00007fea74080800 VMThread [stack: 0x00007fea3e6e8000,0x00007fea3e7e8000] [id=29344]
  0x00007fea740d0000 WatcherThread [stack: 0x00007fea3dc44000,0x00007fea3dd44000] [id=29353]

VM state:at safepoint (normal execution)

VM Mutex/Monitor currently owned by a thread:  ([mutex/lock_event])
[0x00007fea74006660] ExpandHeap_lock - owner thread: 0x00007fea74080800
[0x00007fea74006ce0] Threads_lock - owner thread: 0x00007fea74080800
[0x00007fea740071e0] Heap_lock - owner thread: 0x00007fea04006800

Heap:
 PSYoungGen      total 441856K, used 0K [0x00000000d7000000, 0x00000000ffa00000, 0x0000000100000000)
  eden space 224256K, 0% used [0x00000000d7000000,0x00000000d7000000,0x00000000e4b00000)
  from space 217600K, 0% used [0x00000000f2580000,0x00000000f2580000,0x00000000ffa00000)
  to   space 220672K, 0% used [0x00000000e4b00000,0x00000000e4b00000,0x00000000f2280000)
 ParOldGen       total 1160192K, used 381046K [0x0000000085000000, 0x00000000cbd00000, 0x00000000d7000000)
  object space 1160192K, 32% used [0x0000000085000000,0x000000009c41dbd8,0x00000000cbd00000)
 Metaspace       used 4952K, capacity 5218K, committed 6272K, reserved 1056768K
  class space    used 531K, capacity 607K, committed 896K, reserved 1048576K

Card table byte_map: [0x00007fea78b51000,0x00007fea78f2a000] byte_map_base: 0x00007fea78729000

Marking Bits: (ParMarkBitMap*) 0x00007fea7b65ede0
 Begin Bits: [0x00007fea44280000, 0x00007fea46140000)
 End Bits:   [0x00007fea46140000, 0x00007fea48000000)

Polling page: 0x00007fea7c282000

CodeCache: size=245760Kb used=3905Kb max_used=4010Kb free=241854Kb
 bounds [0x00007fea65000000, 0x00007fea65400000, 0x00007fea74000000]
 total_blobs=1039 nmethods=762 adapters=191
 compilation: enabled

Compilation events (10 events):
Event: 554,074 Thread 0x00007fea740c1800  830       4       main.mochila.cuadratica.hyperplane_exploration.IteratedHyperplaneExplorationAlgoritm::addElemento (58 bytes)
Event: 1720,978 Thread 0x00007fea740c1800 nmethod 830 0x00007fea65188090 code [0x00007fea65188260, 0x00007fea651885f8]
Event: 2654,873 Thread 0x00007fea740c8000  831       3       main.mochila.cuadratica.hyperplane_exploration.IteratedHyperplaneExplorationAlgoritm::iterateHiperplaneExploration (314 bytes)
Event: 2655,283 Thread 0x00007fea740c8000 nmethod 831 0x00007fea653d3790 code [0x00007fea653d3ba0, 0x00007fea653d5ed8]
Event: 2957,803 Thread 0x00007fea740c1800  832       4       main.mochila.cuadratica.hyperplane_exploration.IteratedHyperplaneExplorationAlgoritm::construirProblemaRestringidoReducido (13 bytes)
Event: 3341,381 Thread 0x00007fea740c6000  833       4       main.mochila.cuadratica.hyperplane_exploration.FuncionMochilaIHEA::reiniciarVijarVariables (10 bytes)
Event: 3504,872 Thread 0x00007fea740c1800 nmethod 832 0x00007fea6539e810 code [0x00007fea6539e960, 0x00007fea6539e9f8]
Event: 3509,763 Thread 0x00007fea740c6000 nmethod 833 0x00007fea651a2550 code [0x00007fea651a26a0, 0x00007fea651a2798]
Event: 3516,425 Thread 0x00007fea740c1800  834       4       main.mochila.cuadratica.hyperplane_exploration_ajustado.IteratedHyperplaneExplorationAlgoritm_A::tabuSearchEngine (8 bytes)
Event: 3516,550 Thread 0x00007fea740c1800 nmethod 834 0x00007fea65321e90 code [0x00007fea65321fe0, 0x00007fea65322068]

GC Heap History (10 events):
Event: 4452,978 GC heap after
Heap after GC invocations=618 (full 40):
 PSYoungGen      total 448000K, used 86784K [0x00000000d7000000, 0x0000000100000000, 0x0000000100000000)
  eden space 224256K, 0% used [0x00000000d7000000,0x00000000d7000000,0x00000000e4b00000)
  from space 223744K, 38% used [0x00000000f2580000,0x00000000f7a40000,0x0000000100000000)
  to   space 223744K, 0% used [0x00000000e4b00000,0x00000000e4b00000,0x00000000f2580000)
 ParOldGen       total 1160192K, used 949814K [0x0000000085000000, 0x00000000cbd00000, 0x00000000d7000000)
  object space 1160192K, 81% used [0x0000000085000000,0x00000000bef8d988,0x00000000cbd00000)
 Metaspace       used 4952K, capacity 5218K, committed 6272K, reserved 1056768K
  class space    used 531K, capacity 607K, committed 896K, reserved 1048576K
}
Event: 4460,549 GC heap before
{Heap before GC invocations=619 (full 40):
 PSYoungGen      total 448000K, used 311040K [0x00000000d7000000, 0x0000000100000000, 0x0000000100000000)
  eden space 224256K, 100% used [0x00000000d7000000,0x00000000e4b00000,0x00000000e4b00000)
  from space 223744K, 38% used [0x00000000f2580000,0x00000000f7a40000,0x0000000100000000)
  to   space 223744K, 0% used [0x00000000e4b00000,0x00000000e4b00000,0x00000000f2580000)
 ParOldGen       total 1160192K, used 949814K [0x0000000085000000, 0x00000000cbd00000, 0x00000000d7000000)
  object space 1160192K, 81% used [0x0000000085000000,0x00000000bef8d988,0x00000000cbd00000)
 Metaspace       used 4952K, capacity 5218K, committed 6272K, reserved 1056768K
  class space    used 531K, capacity 607K, committed 896K, reserved 1048576K
Event: 4472,997 GC heap after
Heap after GC invocations=619 (full 40):
 PSYoungGen      total 448000K, used 75680K [0x00000000d7000000, 0x0000000100000000, 0x0000000100000000)
  eden space 224256K, 0% used [0x00000000d7000000,0x00000000d7000000,0x00000000e4b00000)
  from space 223744K, 33% used [0x00000000e4b00000,0x00000000e94e8000,0x00000000f2580000)
  to   space 223744K, 0% used [0x00000000f2580000,0x00000000f2580000,0x0000000100000000)
 ParOldGen       total 1160192K, used 991561K [0x0000000085000000, 0x00000000cbd00000, 0x00000000d7000000)
  object space 1160192K, 85% used [0x0000000085000000,0x00000000c18525c0,0x00000000cbd00000)
 Metaspace       used 4952K, capacity 5218K, committed 6272K, reserved 1056768K
  class space    used 531K, capacity 607K, committed 896K, reserved 1048576K
}
Event: 4481,144 GC heap before
{Heap before GC invocations=620 (full 40):
 PSYoungGen      total 448000K, used 299936K [0x00000000d7000000, 0x0000000100000000, 0x0000000100000000)
  eden space 224256K, 100% used [0x00000000d7000000,0x00000000e4b00000,0x00000000e4b00000)
  from space 223744K, 33% used [0x00000000e4b00000,0x00000000e94e8000,0x00000000f2580000)
  to   space 223744K, 0% used [0x00000000f2580000,0x00000000f2580000,0x0000000100000000)
 ParOldGen       total 1160192K, used 991561K [0x0000000085000000, 0x00000000cbd00000, 0x00000000d7000000)
  object space 1160192K, 85% used [0x0000000085000000,0x00000000c18525c0,0x00000000cbd00000)
 Metaspace       used 4952K, capacity 5218K, committed 6272K, reserved 1056768K
  class space    used 531K, capacity 607K, committed 896K, reserved 1048576K
Event: 4490,541 GC heap after
Heap after GC invocations=620 (full 40):
 PSYoungGen      total 448000K, used 78240K [0x00000000d7000000, 0x0000000100000000, 0x0000000100000000)
  eden space 224256K, 0% used [0x00000000d7000000,0x00000000d7000000,0x00000000e4b00000)
  from space 223744K, 34% used [0x00000000f2580000,0x00000000f71e8000,0x0000000100000000)
  to   space 223744K, 0% used [0x00000000e4b00000,0x00000000e4b00000,0x00000000f2580000)
 ParOldGen       total 1160192K, used 1033927K [0x0000000085000000, 0x00000000cbd00000, 0x00000000d7000000)
  object space 1160192K, 89% used [0x0000000085000000,0x00000000c41b1f70,0x00000000cbd00000)
 Metaspace       used 4952K, capacity 5218K, committed 6272K, reserved 1056768K
  class space    used 531K, capacity 607K, committed 896K, reserved 1048576K
}
Event: 4498,018 GC heap before
{Heap before GC invocations=621 (full 40):
 PSYoungGen      total 448000K, used 302496K [0x00000000d7000000, 0x0000000100000000, 0x0000000100000000)
  eden space 224256K, 100% used [0x00000000d7000000,0x00000000e4b00000,0x00000000e4b00000)
  from space 223744K, 34% used [0x00000000f2580000,0x00000000f71e8000,0x0000000100000000)
  to   space 223744K, 0% used [0x00000000e4b00000,0x00000000e4b00000,0x00000000f2580000)
 ParOldGen       total 1160192K, used 1033927K [0x0000000085000000, 0x00000000cbd00000, 0x00000000d7000000)
  object space 1160192K, 89% used [0x0000000085000000,0x00000000c41b1f70,0x00000000cbd00000)
 Metaspace       used 4952K, capacity 5218K, committed 6272K, reserved 1056768K
  class space    used 531K, capacity 607K, committed 896K, reserved 1048576K
Event: 4537,357 GC heap after
Heap after GC invocations=621 (full 40):
 PSYoungGen      total 448000K, used 88640K [0x00000000d7000000, 0x0000000100000000, 0x0000000100000000)
  eden space 224256K, 0% used [0x00000000d7000000,0x00000000d7000000,0x00000000e4b00000)
  from space 223744K, 39% used [0x00000000e4b00000,0x00000000ea190000,0x00000000f2580000)
  to   space 223744K, 0% used [0x00000000f2580000,0x00000000f2580000,0x0000000100000000)
 ParOldGen       total 1160192K, used 1078768K [0x0000000085000000, 0x00000000cbd00000, 0x00000000d7000000)
  object space 1160192K, 92% used [0x0000000085000000,0x00000000c6d7c3b0,0x00000000cbd00000)
 Metaspace       used 4952K, capacity 5218K, committed 6272K, reserved 1056768K
  class space    used 531K, capacity 607K, committed 896K, reserved 1048576K
}
Event: 4623,372 GC heap before
{Heap before GC invocations=622 (full 40):
 PSYoungGen      total 448000K, used 312896K [0x00000000d7000000, 0x0000000100000000, 0x0000000100000000)
  eden space 224256K, 100% used [0x00000000d7000000,0x00000000e4b00000,0x00000000e4b00000)
  from space 223744K, 39% used [0x00000000e4b00000,0x00000000ea190000,0x00000000f2580000)
  to   space 223744K, 0% used [0x00000000f2580000,0x00000000f2580000,0x0000000100000000)
 ParOldGen       total 1160192K, used 1078768K [0x0000000085000000, 0x00000000cbd00000, 0x00000000d7000000)
  object space 1160192K, 92% used [0x0000000085000000,0x00000000c6d7c3b0,0x00000000cbd00000)
 Metaspace       used 4952K, capacity 5218K, committed 6272K, reserved 1056768K
  class space    used 531K, capacity 607K, committed 896K, reserved 1048576K
Event: 4822,494 GC heap after
Heap after GC invocations=622 (full 40):
 PSYoungGen      total 441856K, used 80064K [0x00000000d7000000, 0x00000000ffa00000, 0x0000000100000000)
  eden space 224256K, 0% used [0x00000000d7000000,0x00000000d7000000,0x00000000e4b00000)
  from space 217600K, 36% used [0x00000000f2580000,0x00000000f73b0000,0x00000000ffa00000)
  to   space 220672K, 0% used [0x00000000e4b00000,0x00000000e4b00000,0x00000000f2280000)
 ParOldGen       total 1160192K, used 1097548K [0x0000000085000000, 0x00000000cbd00000, 0x00000000d7000000)
  object space 1160192K, 94% used [0x0000000085000000,0x00000000c7fd3120,0x00000000cbd00000)
 Metaspace       used 4952K, capacity 5218K, committed 6272K, reserved 1056768K
  class space    used 531K, capacity 607K, committed 896K, reserved 1048576K
}
Event: 4825,966 GC heap before
{Heap before GC invocations=623 (full 41):
 PSYoungGen      total 441856K, used 80064K [0x00000000d7000000, 0x00000000ffa00000, 0x0000000100000000)
  eden space 224256K, 0% used [0x00000000d7000000,0x00000000d7000000,0x00000000e4b00000)
  from space 217600K, 36% used [0x00000000f2580000,0x00000000f73b0000,0x00000000ffa00000)
  to   space 220672K, 0% used [0x00000000e4b00000,0x00000000e4b00000,0x00000000f2280000)
 ParOldGen       total 1160192K, used 1097548K [0x0000000085000000, 0x00000000cbd00000, 0x00000000d7000000)
  object space 1160192K, 94% used [0x0000000085000000,0x00000000c7fd3120,0x00000000cbd00000)
 Metaspace       used 4952K, capacity 5218K, committed 6272K, reserved 1056768K
  class space    used 531K, capacity 607K, committed 896K, reserved 1048576K

Deoptimization events (10 events):
Event: 39,918 Thread 0x00007fe9dc001000 Uncommon trap: reason=unstable_if action=reinterpret pc=0x00007fea653ea480 method=main.mochila.cuadratica.hyperplane_exploration.IteratedHyperplaneExplorationAlgoritm.tabuSearchEngine(ILmain/mochila/cuadratica/hyperplane_exploration/IndividuoIHEA;Lmain/mo
Event: 40,717 Thread 0x00007fe9f8001000 Uncommon trap: reason=unstable_if action=reinterpret pc=0x00007fea653ea480 method=main.mochila.cuadratica.hyperplane_exploration.IteratedHyperplaneExplorationAlgoritm.tabuSearchEngine(ILmain/mochila/cuadratica/hyperplane_exploration/IndividuoIHEA;Lmain/mo
Event: 40,898 Thread 0x00007fea00008800 Uncommon trap: reason=unstable_if action=reinterpret pc=0x00007fea652d91ec method=main.mochila.cuadratica.hyperplane_exploration.greedy.Greedy.seleccionarElementoConBias(Ljava/util/List;)I @ 45
Event: 41,292 Thread 0x00007fe9d0001000 Uncommon trap: reason=unstable_if action=reinterpret pc=0x00007fea653ea480 method=main.mochila.cuadratica.hyperplane_exploration.IteratedHyperplaneExplorationAlgoritm.tabuSearchEngine(ILmain/mochila/cuadratica/hyperplane_exploration/IndividuoIHEA;Lmain/mo
Event: 41,355 Thread 0x00007fea14006800 Uncommon trap: reason=unstable_if action=reinterpret pc=0x00007fea653ea480 method=main.mochila.cuadratica.hyperplane_exploration.IteratedHyperplaneExplorationAlgoritm.tabuSearchEngine(ILmain/mochila/cuadratica/hyperplane_exploration/IndividuoIHEA;Lmain/mo
Event: 41,753 Thread 0x00007fe9cc001000 Uncommon trap: reason=unstable_if action=reinterpret pc=0x00007fea653ea480 method=main.mochila.cuadratica.hyperplane_exploration.IteratedHyperplaneExplorationAlgoritm.tabuSearchEngine(ILmain/mochila/cuadratica/hyperplane_exploration/IndividuoIHEA;Lmain/mo
Event: 42,356 Thread 0x00007fe9ec001000 Uncommon trap: reason=unstable_if action=reinterpret pc=0x00007fea653ea480 method=main.mochila.cuadratica.hyperplane_exploration.IteratedHyperplaneExplorationAlgoritm.tabuSearchEngine(ILmain/mochila/cuadratica/hyperplane_exploration/IndividuoIHEA;Lmain/mo
Event: 44,186 Thread 0x00007fea0c001000 Uncommon trap: reason=unstable_if action=reinterpret pc=0x00007fea653ea480 method=main.mochila.cuadratica.hyperplane_exploration.IteratedHyperplaneExplorationAlgoritm.tabuSearchEngine(ILmain/mochila/cuadratica/hyperplane_exploration/IndividuoIHEA;Lmain/mo
Event: 44,429 Thread 0x00007fe9e4001000 Uncommon trap: reason=unstable_if action=reinterpret pc=0x00007fea653ea480 method=main.mochila.cuadratica.hyperplane_exploration.IteratedHyperplaneExplorationAlgoritm.tabuSearchEngine(ILmain/mochila/cuadratica/hyperplane_exploration/IndividuoIHEA;Lmain/mo
Event: 45,106 Thread 0x00007fe9e8001000 Uncommon trap: reason=unstable_if action=reinterpret pc=0x00007fea653ea480 method=main.mochila.cuadratica.hyperplane_exploration.IteratedHyperplaneExplorationAlgoritm.tabuSearchEngine(ILmain/mochila/cuadratica/hyperplane_exploration/IndividuoIHEA;Lmain/mo

Classes redefined (0 events):
No events

Internal exceptions (8 events):
Event: 0,022 Thread 0x00007fea7400a800 Exception <a 'java/lang/NoSuchMethodError': Method sun.misc.Unsafe.defineClass(Ljava/lang/String;[BII)Ljava/lang/Class; name or signature does not match> (0x00000000d7007cb0) thrown at [/HUDSON/workspace/8-2-build-linux-amd64/jdk8u172/10810/hotspot/src/sh
Event: 0,022 Thread 0x00007fea7400a800 Exception <a 'java/lang/NoSuchMethodError': Method sun.misc.Unsafe.prefetchRead(Ljava/lang/Object;J)V name or signature does not match> (0x00000000d7007f98) thrown at [/HUDSON/workspace/8-2-build-linux-amd64/jdk8u172/10810/hotspot/src/share/vm/prims/jni.c
Event: 0,066 Thread 0x00007fea7400a800 Exception <a 'java/security/PrivilegedActionException'> (0x00000000d7098500) thrown at [/HUDSON/workspace/8-2-build-linux-amd64/jdk8u172/10810/hotspot/src/share/vm/prims/jvm.cpp, line 1435]
Event: 0,066 Thread 0x00007fea7400a800 Exception <a 'java/security/PrivilegedActionException'> (0x00000000d70988f8) thrown at [/HUDSON/workspace/8-2-build-linux-amd64/jdk8u172/10810/hotspot/src/share/vm/prims/jvm.cpp, line 1435]
Event: 0,066 Thread 0x00007fea7400a800 Exception <a 'java/security/PrivilegedActionException'> (0x00000000d709b3b0) thrown at [/HUDSON/workspace/8-2-build-linux-amd64/jdk8u172/10810/hotspot/src/share/vm/prims/jvm.cpp, line 1435]
Event: 0,066 Thread 0x00007fea7400a800 Exception <a 'java/security/PrivilegedActionException'> (0x00000000d709b7a8) thrown at [/HUDSON/workspace/8-2-build-linux-amd64/jdk8u172/10810/hotspot/src/share/vm/prims/jvm.cpp, line 1435]
Event: 15,105 Thread 0x00007fea1400a800 Exception <a 'java/lang/NoSuchFieldError': method resolution failed> (0x00000000e683eaf8) thrown at [/HUDSON/workspace/8-2-build-linux-amd64/jdk8u172/10810/hotspot/src/share/vm/prims/methodHandles.cpp, line 1167]
Event: 15,106 Thread 0x00007fea1400a800 Exception <a 'java/lang/NoSuchFieldError': method resolution failed> (0x00000000e684be98) thrown at [/HUDSON/workspace/8-2-build-linux-amd64/jdk8u172/10810/hotspot/src/share/vm/prims/methodHandles.cpp, line 1167]

Events (10 events):
Event: 4434,487 Executing VM operation: ParallelGCFailedAllocation done
Event: 4434,999 Executing VM operation: ParallelGCFailedAllocation
Event: 4456,418 Executing VM operation: ParallelGCFailedAllocation done
Event: 4457,757 Executing VM operation: ParallelGCFailedAllocation
Event: 4477,391 Executing VM operation: ParallelGCFailedAllocation done
Event: 4480,781 Executing VM operation: ParallelGCFailedAllocation
Event: 4493,096 Executing VM operation: ParallelGCFailedAllocation done
Event: 4493,883 Executing VM operation: ParallelGCFailedAllocation
Event: 4575,172 Executing VM operation: ParallelGCFailedAllocation done
Event: 4592,506 Executing VM operation: ParallelGCFailedAllocation


Dynamic libraries:
00400000-00401000 r-xp 00000000 08:02 1594164                            /home/debian/Programas/jdk1.8.0_172/jre/bin/java
00600000-00601000 rw-p 00000000 08:02 1594164                            /home/debian/Programas/jdk1.8.0_172/jre/bin/java
01ae9000-01b0a000 rw-p 00000000 00:00 0                                  [heap]
85000000-cbd00000 rw-p 00000000 00:00 0 
cf800000-d7000000 ---p 00000000 00:00 0 
d7000000-ffa00000 rw-p 00000000 00:00 0 
ffa00000-100000000 ---p 00000000 00:00 0 
100000000-1000e0000 rw-p 00000000 00:00 0 
1000e0000-140000000 ---p 00000000 00:00 0 
7fe95c000000-7fe95c038000 rw-p 00000000 00:00 0 
7fe95c038000-7fe960000000 ---p 00000000 00:00 0 
7fe964000000-7fe964028000 rw-p 00000000 00:00 0 
7fe964028000-7fe968000000 ---p 00000000 00:00 0 
7fe968000000-7fe96803d000 rw-p 00000000 00:00 0 
7fe96803d000-7fe96c000000 ---p 00000000 00:00 0 
7fe96c000000-7fe96c021000 rw-p 00000000 00:00 0 
7fe96c021000-7fe970000000 ---p 00000000 00:00 0 
7fe970000000-7fe970035000 rw-p 00000000 00:00 0 
7fe970035000-7fe974000000 ---p 00000000 00:00 0 
7fe974000000-7fe974021000 rw-p 00000000 00:00 0 
7fe974021000-7fe978000000 ---p 00000000 00:00 0 
7fe978000000-7fe978021000 rw-p 00000000 00:00 0 
7fe978021000-7fe97c000000 ---p 00000000 00:00 0 
7fe97c000000-7fe97c021000 rw-p 00000000 00:00 0 
7fe97c021000-7fe980000000 ---p 00000000 00:00 0 
7fe980000000-7fe980021000 rw-p 00000000 00:00 0 
7fe980021000-7fe984000000 ---p 00000000 00:00 0 
7fe984000000-7fe984021000 rw-p 00000000 00:00 0 
7fe984021000-7fe988000000 ---p 00000000 00:00 0 
7fe988000000-7fe988021000 rw-p 00000000 00:00 0 
7fe988021000-7fe98c000000 ---p 00000000 00:00 0 
7fe98c000000-7fe98c021000 rw-p 00000000 00:00 0 
7fe98c021000-7fe990000000 ---p 00000000 00:00 0 
7fe990000000-7fe990021000 rw-p 00000000 00:00 0 
7fe990021000-7fe994000000 ---p 00000000 00:00 0 
7fe994000000-7fe994021000 rw-p 00000000 00:00 0 
7fe994021000-7fe998000000 ---p 00000000 00:00 0 
7fe998000000-7fe998021000 rw-p 00000000 00:00 0 
7fe998021000-7fe99c000000 ---p 00000000 00:00 0 
7fe99c000000-7fe99c03f000 rw-p 00000000 00:00 0 
7fe99c03f000-7fe9a0000000 ---p 00000000 00:00 0 
7fe9a0bcc000-7fe9a0bcf000 ---p 00000000 00:00 0 
7fe9a0bcf000-7fe9a0ccd000 rw-p 00000000 00:00 0 
7fe9a0ccd000-7fe9a0cd0000 ---p 00000000 00:00 0 
7fe9a0cd0000-7fe9a0dce000 rw-p 00000000 00:00 0 
7fe9a0dce000-7fe9a0dd1000 ---p 00000000 00:00 0 
7fe9a0dd1000-7fe9a0ecf000 rw-p 00000000 00:00 0 
7fe9a0ecf000-7fe9a0ed2000 ---p 00000000 00:00 0 
7fe9a0ed2000-7fe9a0fd0000 rw-p 00000000 00:00 0 
7fe9a0fd0000-7fe9a0fd3000 ---p 00000000 00:00 0 
7fe9a0fd3000-7fe9a10d1000 rw-p 00000000 00:00 0 
7fe9a10d1000-7fe9a10d4000 ---p 00000000 00:00 0 
7fe9a10d4000-7fe9a11d2000 rw-p 00000000 00:00 0 
7fe9a11d2000-7fe9a11d5000 ---p 00000000 00:00 0 
7fe9a11d5000-7fe9a12d3000 rw-p 00000000 00:00 0 
7fe9a12d3000-7fe9a12d6000 ---p 00000000 00:00 0 
7fe9a12d6000-7fe9a13d4000 rw-p 00000000 00:00 0 
7fe9a13d4000-7fe9a13d7000 ---p 00000000 00:00 0 
7fe9a13d7000-7fe9a14d5000 rw-p 00000000 00:00 0 
7fe9a14d5000-7fe9a14d8000 ---p 00000000 00:00 0 
7fe9a14d8000-7fe9a15d6000 rw-p 00000000 00:00 0 
7fe9a15d6000-7fe9a15d9000 ---p 00000000 00:00 0 
7fe9a15d9000-7fe9a16d7000 rw-p 00000000 00:00 0 
7fe9a16d7000-7fe9a16da000 ---p 00000000 00:00 0 
7fe9a16da000-7fe9a17d8000 rw-p 00000000 00:00 0 
7fe9a17d8000-7fe9a17db000 ---p 00000000 00:00 0 
7fe9a17db000-7fe9a18d9000 rw-p 00000000 00:00 0 
7fe9a18d9000-7fe9a18dc000 ---p 00000000 00:00 0 
7fe9a18dc000-7fe9a19da000 rw-p 00000000 00:00 0 
7fe9a19da000-7fe9a19dd000 ---p 00000000 00:00 0 
7fe9a19dd000-7fe9a1adb000 rw-p 00000000 00:00 0 
7fe9a1adb000-7fe9a1ade000 ---p 00000000 00:00 0 
7fe9a1ade000-7fe9a1bdc000 rw-p 00000000 00:00 0 
7fe9a1bdc000-7fe9a1bdf000 ---p 00000000 00:00 0 
7fe9a1bdf000-7fe9a1cdd000 rw-p 00000000 00:00 0 
7fe9a1cdd000-7fe9a1ce0000 ---p 00000000 00:00 0 
7fe9a1ce0000-7fe9a1dde000 rw-p 00000000 00:00 0 
7fe9a1dde000-7fe9a1de1000 ---p 00000000 00:00 0 
7fe9a1de1000-7fe9a1edf000 rw-p 00000000 00:00 0 
7fe9a1edf000-7fe9a1ee2000 ---p 00000000 00:00 0 
7fe9a1ee2000-7fe9a1fe0000 rw-p 00000000 00:00 0 
7fe9a1fe0000-7fe9a1fe3000 ---p 00000000 00:00 0 
7fe9a1fe3000-7fe9a20e1000 rw-p 00000000 00:00 0 
7fe9a20e1000-7fe9a20e4000 ---p 00000000 00:00 0 
7fe9a20e4000-7fe9a21e2000 rw-p 00000000 00:00 0 
7fe9a21e2000-7fe9a21e5000 ---p 00000000 00:00 0 
7fe9a21e5000-7fe9a22e3000 rw-p 00000000 00:00 0 
7fe9a22e3000-7fe9a22e6000 ---p 00000000 00:00 0 
7fe9a22e6000-7fe9a23e4000 rw-p 00000000 00:00 0 
7fe9a23e4000-7fe9a23e7000 ---p 00000000 00:00 0 
7fe9a23e7000-7fe9a24e5000 rw-p 00000000 00:00 0 
7fe9a24e5000-7fe9a24e8000 ---p 00000000 00:00 0 
7fe9a24e8000-7fe9a25e6000 rw-p 00000000 00:00 0 
7fe9a25e6000-7fe9a25e9000 ---p 00000000 00:00 0 
7fe9a25e9000-7fe9a26e7000 rw-p 00000000 00:00 0 
7fe9a26e7000-7fe9a26ea000 ---p 00000000 00:00 0 
7fe9a26ea000-7fe9a27e8000 rw-p 00000000 00:00 0 
7fe9a27e8000-7fe9a27eb000 ---p 00000000 00:00 0 
7fe9a27eb000-7fe9a28e9000 rw-p 00000000 00:00 0 
7fe9a28e9000-7fe9a28ec000 ---p 00000000 00:00 0 
7fe9a28ec000-7fe9a29ea000 rw-p 00000000 00:00 0 
7fe9a29ea000-7fe9a29ed000 ---p 00000000 00:00 0 
7fe9a29ed000-7fe9a2aeb000 rw-p 00000000 00:00 0 
7fe9a2aeb000-7fe9a2aee000 ---p 00000000 00:00 0 
7fe9a2aee000-7fe9a2bec000 rw-p 00000000 00:00 0 
7fe9a2bec000-7fe9a2bef000 ---p 00000000 00:00 0 
7fe9a2bef000-7fe9a2ced000 rw-p 00000000 00:00 0 
7fe9a2ced000-7fe9a2cf0000 ---p 00000000 00:00 0 
7fe9a2cf0000-7fe9a2dee000 rw-p 00000000 00:00 0 
7fe9a2dee000-7fe9a2df1000 ---p 00000000 00:00 0 
7fe9a2df1000-7fe9a2eef000 rw-p 00000000 00:00 0 
7fe9a2eef000-7fe9a2ef2000 ---p 00000000 00:00 0 
7fe9a2ef2000-7fe9a2ff0000 rw-p 00000000 00:00 0 
7fe9a2ff0000-7fe9a2ff3000 ---p 00000000 00:00 0 
7fe9a2ff3000-7fe9a30f1000 rw-p 00000000 00:00 0 
7fe9a30f1000-7fe9a30f4000 ---p 00000000 00:00 0 
7fe9a30f4000-7fe9a31f2000 rw-p 00000000 00:00 0 
7fe9a31f2000-7fe9a31f5000 ---p 00000000 00:00 0 
7fe9a31f5000-7fe9a32f3000 rw-p 00000000 00:00 0 
7fe9a32f3000-7fe9a32f6000 ---p 00000000 00:00 0 
7fe9a32f6000-7fe9a33f4000 rw-p 00000000 00:00 0 
7fe9a33f4000-7fe9a33f7000 ---p 00000000 00:00 0 
7fe9a33f7000-7fe9a34f5000 rw-p 00000000 00:00 0 
7fe9a34f5000-7fe9a34f8000 ---p 00000000 00:00 0 
7fe9a34f8000-7fe9a35f6000 rw-p 00000000 00:00 0 
7fe9a35f6000-7fe9a35f9000 ---p 00000000 00:00 0 
7fe9a35f9000-7fe9a36f7000 rw-p 00000000 00:00 0 
7fe9a36f7000-7fe9a36fa000 ---p 00000000 00:00 0 
7fe9a36fa000-7fe9a37f8000 rw-p 00000000 00:00 0 
7fe9a37f8000-7fe9a37fb000 ---p 00000000 00:00 0 
7fe9a37fb000-7fe9a38f9000 rw-p 00000000 00:00 0 
7fe9a38f9000-7fe9a38fc000 ---p 00000000 00:00 0 
7fe9a38fc000-7fe9a39fa000 rw-p 00000000 00:00 0 
7fe9a39fa000-7fe9a39fd000 ---p 00000000 00:00 0 
7fe9a39fd000-7fe9a3afb000 rw-p 00000000 00:00 0 
7fe9a3afb000-7fe9a3afe000 ---p 00000000 00:00 0 
7fe9a3afe000-7fe9a3bfc000 rw-p 00000000 00:00 0 
7fe9a3bfc000-7fe9a3bff000 ---p 00000000 00:00 0 
7fe9a3bff000-7fe9a3cfd000 rw-p 00000000 00:00 0 
7fe9a3cfd000-7fe9a3d00000 ---p 00000000 00:00 0 
7fe9a3d00000-7fe9a3dfe000 rw-p 00000000 00:00 0 
7fe9a3dfe000-7fe9a3e01000 ---p 00000000 00:00 0 
7fe9a3e01000-7fe9a3eff000 rw-p 00000000 00:00 0 
7fe9a3eff000-7fe9a3f02000 ---p 00000000 00:00 0 
7fe9a3f02000-7fe9a4000000 rw-p 00000000 00:00 0 
7fe9a4000000-7fe9a4021000 rw-p 00000000 00:00 0 
7fe9a4021000-7fe9a8000000 ---p 00000000 00:00 0 
7fe9a8000000-7fe9a8031000 rw-p 00000000 00:00 0 
7fe9a8031000-7fe9ac000000 ---p 00000000 00:00 0 
7fe9ac000000-7fe9ac021000 rw-p 00000000 00:00 0 
7fe9ac021000-7fe9b0000000 ---p 00000000 00:00 0 
7fe9b0000000-7fe9b02a3000 rw-p 00000000 00:00 0 
7fe9b02a3000-7fe9b4000000 ---p 00000000 00:00 0 
7fe9b4000000-7fe9b4021000 rw-p 00000000 00:00 0 
7fe9b4021000-7fe9b8000000 ---p 00000000 00:00 0 
7fe9b8000000-7fe9b8061000 rw-p 00000000 00:00 0 
7fe9b8061000-7fe9bc000000 ---p 00000000 00:00 0 
7fe9bc000000-7fe9bc04c000 rw-p 00000000 00:00 0 
7fe9bc04c000-7fe9c0000000 ---p 00000000 00:00 0 
7fe9c0000000-7fe9c0021000 rw-p 00000000 00:00 0 
7fe9c0021000-7fe9c4000000 ---p 00000000 00:00 0 
7fe9c4000000-7fe9c4028000 rw-p 00000000 00:00 0 
7fe9c4028000-7fe9c8000000 ---p 00000000 00:00 0 
7fe9c8000000-7fe9c8021000 rw-p 00000000 00:00 0 
7fe9c8021000-7fe9cc000000 ---p 00000000 00:00 0 
7fe9cc000000-7fe9cc021000 rw-p 00000000 00:00 0 
7fe9cc021000-7fe9d0000000 ---p 00000000 00:00 0 
7fe9d0000000-7fe9d0021000 rw-p 00000000 00:00 0 
7fe9d0021000-7fe9d4000000 ---p 00000000 00:00 0 
7fe9d4000000-7fe9d4021000 rw-p 00000000 00:00 0 
7fe9d4021000-7fe9d8000000 ---p 00000000 00:00 0 
7fe9d8000000-7fe9d8021000 rw-p 00000000 00:00 0 
7fe9d8021000-7fe9dc000000 ---p 00000000 00:00 0 
7fe9dc000000-7fe9dc021000 rw-p 00000000 00:00 0 
7fe9dc021000-7fe9e0000000 ---p 00000000 00:00 0 
7fe9e0000000-7fe9e0021000 rw-p 00000000 00:00 0 
7fe9e0021000-7fe9e4000000 ---p 00000000 00:00 0 
7fe9e4000000-7fe9e4021000 rw-p 00000000 00:00 0 
7fe9e4021000-7fe9e8000000 ---p 00000000 00:00 0 
7fe9e8000000-7fe9e8021000 rw-p 00000000 00:00 0 
7fe9e8021000-7fe9ec000000 ---p 00000000 00:00 0 
7fe9ec000000-7fe9ec021000 rw-p 00000000 00:00 0 
7fe9ec021000-7fe9f0000000 ---p 00000000 00:00 0 
7fe9f0000000-7fe9f0021000 rw-p 00000000 00:00 0 
7fe9f0021000-7fe9f4000000 ---p 00000000 00:00 0 
7fe9f4000000-7fe9f4021000 rw-p 00000000 00:00 0 
7fe9f4021000-7fe9f8000000 ---p 00000000 00:00 0 
7fe9f8000000-7fe9f8021000 rw-p 00000000 00:00 0 
7fe9f8021000-7fe9fc000000 ---p 00000000 00:00 0 
7fe9fc000000-7fe9fc021000 rw-p 00000000 00:00 0 
7fe9fc021000-7fea00000000 ---p 00000000 00:00 0 
7fea00000000-7fea00021000 rw-p 00000000 00:00 0 
7fea00021000-7fea04000000 ---p 00000000 00:00 0 
7fea04000000-7fea04021000 rw-p 00000000 00:00 0 
7fea04021000-7fea08000000 ---p 00000000 00:00 0 
7fea08000000-7fea08021000 rw-p 00000000 00:00 0 
7fea08021000-7fea0c000000 ---p 00000000 00:00 0 
7fea0c000000-7fea0c021000 rw-p 00000000 00:00 0 
7fea0c021000-7fea10000000 ---p 00000000 00:00 0 
7fea10000000-7fea10021000 rw-p 00000000 00:00 0 
7fea10021000-7fea14000000 ---p 00000000 00:00 0 
7fea14000000-7fea14021000 rw-p 00000000 00:00 0 
7fea14021000-7fea18000000 ---p 00000000 00:00 0 
7fea18000000-7fea18256000 rw-p 00000000 00:00 0 
7fea18256000-7fea1c000000 ---p 00000000 00:00 0 
7fea1c000000-7fea1c021000 rw-p 00000000 00:00 0 
7fea1c021000-7fea20000000 ---p 00000000 00:00 0 
7fea20000000-7fea2097c000 rw-p 00000000 00:00 0 
7fea2097c000-7fea24000000 ---p 00000000 00:00 0 
7fea24000000-7fea24a70000 rw-p 00000000 00:00 0 
7fea24a70000-7fea28000000 ---p 00000000 00:00 0 
7fea28000000-7fea28021000 rw-p 00000000 00:00 0 
7fea28021000-7fea2c000000 ---p 00000000 00:00 0 
7fea2c000000-7fea2c966000 rw-p 00000000 00:00 0 
7fea2c966000-7fea30000000 ---p 00000000 00:00 0 
7fea30000000-7fea30021000 rw-p 00000000 00:00 0 
7fea30021000-7fea34000000 ---p 00000000 00:00 0 
7fea34000000-7fea34021000 rw-p 00000000 00:00 0 
7fea34021000-7fea38000000 ---p 00000000 00:00 0 
7fea38000000-7fea3837b000 rw-p 00000000 00:00 0 
7fea3837b000-7fea3c000000 ---p 00000000 00:00 0 
7fea3c027000-7fea3c02a000 ---p 00000000 00:00 0 
7fea3c02a000-7fea3c128000 rw-p 00000000 00:00 0 
7fea3c128000-7fea3c12b000 ---p 00000000 00:00 0 
7fea3c12b000-7fea3c229000 rw-p 00000000 00:00 0 
7fea3c229000-7fea3c22c000 ---p 00000000 00:00 0 
7fea3c22c000-7fea3c32a000 rw-p 00000000 00:00 0 
7fea3c32a000-7fea3c32d000 ---p 00000000 00:00 0 
7fea3c32d000-7fea3c42b000 rw-p 00000000 00:00 0 
7fea3c42b000-7fea3c42e000 ---p 00000000 00:00 0 
7fea3c42e000-7fea3c52c000 rw-p 00000000 00:00 0 
7fea3c52c000-7fea3c52f000 ---p 00000000 00:00 0 
7fea3c52f000-7fea3c62d000 rw-p 00000000 00:00 0 
7fea3c62d000-7fea3c630000 ---p 00000000 00:00 0 
7fea3c630000-7fea3c72e000 rw-p 00000000 00:00 0 
7fea3c72e000-7fea3c731000 ---p 00000000 00:00 0 
7fea3c731000-7fea3c82f000 rw-p 00000000 00:00 0 
7fea3c82f000-7fea3c832000 ---p 00000000 00:00 0 
7fea3c832000-7fea3c930000 rw-p 00000000 00:00 0 
7fea3c930000-7fea3c933000 ---p 00000000 00:00 0 
7fea3c933000-7fea3ca31000 rw-p 00000000 00:00 0 
7fea3ca31000-7fea3ca34000 ---p 00000000 00:00 0 
7fea3ca34000-7fea3cb32000 rw-p 00000000 00:00 0 
7fea3cb32000-7fea3cb35000 ---p 00000000 00:00 0 
7fea3cb35000-7fea3cc33000 rw-p 00000000 00:00 0 
7fea3cc33000-7fea3cc36000 ---p 00000000 00:00 0 
7fea3cc36000-7fea3cd34000 rw-p 00000000 00:00 0 
7fea3cd34000-7fea3cd37000 ---p 00000000 00:00 0 
7fea3cd37000-7fea3ce35000 rw-p 00000000 00:00 0 
7fea3ce35000-7fea3ce38000 ---p 00000000 00:00 0 
7fea3ce38000-7fea3cf36000 rw-p 00000000 00:00 0 
7fea3cf36000-7fea3cf39000 ---p 00000000 00:00 0 
7fea3cf39000-7fea3d037000 rw-p 00000000 00:00 0 
7fea3d037000-7fea3d03a000 ---p 00000000 00:00 0 
7fea3d03a000-7fea3d138000 rw-p 00000000 00:00 0 
7fea3d138000-7fea3d13b000 ---p 00000000 00:00 0 
7fea3d13b000-7fea3d239000 rw-p 00000000 00:00 0 
7fea3d239000-7fea3d23c000 ---p 00000000 00:00 0 
7fea3d23c000-7fea3d33a000 rw-p 00000000 00:00 0 
7fea3d33a000-7fea3d33d000 ---p 00000000 00:00 0 
7fea3d33d000-7fea3d43b000 rw-p 00000000 00:00 0 
7fea3d43b000-7fea3d43e000 ---p 00000000 00:00 0 
7fea3d43e000-7fea3d53c000 rw-p 00000000 00:00 0 
7fea3d53c000-7fea3d53f000 ---p 00000000 00:00 0 
7fea3d53f000-7fea3d63d000 rw-p 00000000 00:00 0 
7fea3d63d000-7fea3d640000 ---p 00000000 00:00 0 
7fea3d640000-7fea3d73e000 rw-p 00000000 00:00 0 
7fea3d73e000-7fea3d741000 ---p 00000000 00:00 0 
7fea3d741000-7fea3d83f000 rw-p 00000000 00:00 0 
7fea3d83f000-7fea3d842000 ---p 00000000 00:00 0 
7fea3d842000-7fea3d940000 rw-p 00000000 00:00 0 
7fea3d940000-7fea3d943000 ---p 00000000 00:00 0 
7fea3d943000-7fea3da41000 rw-p 00000000 00:00 0 
7fea3da41000-7fea3da44000 ---p 00000000 00:00 0 
7fea3da44000-7fea3db42000 rw-p 00000000 00:00 0 
7fea3db42000-7fea3db45000 ---p 00000000 00:00 0 
7fea3db45000-7fea3dc43000 rw-p 00000000 00:00 0 
7fea3dc43000-7fea3dc44000 ---p 00000000 00:00 0 
7fea3dc44000-7fea3dd44000 rw-p 00000000 00:00 0 
7fea3dd44000-7fea3dd47000 ---p 00000000 00:00 0 
7fea3dd47000-7fea3de45000 rw-p 00000000 00:00 0 
7fea3de45000-7fea3de46000 ---p 00000000 00:00 0 
7fea3de46000-7fea3de49000 ---p 00000000 00:00 0 
7fea3de49000-7fea3df46000 rw-p 00000000 00:00 0 
7fea3df46000-7fea3df47000 ---p 00000000 00:00 0 
7fea3df47000-7fea3df4a000 ---p 00000000 00:00 0 
7fea3df4a000-7fea3e047000 rw-p 00000000 00:00 0 
7fea3e047000-7fea3e048000 ---p 00000000 00:00 0 
7fea3e048000-7fea3e04b000 ---p 00000000 00:00 0 
7fea3e04b000-7fea3e148000 rw-p 00000000 00:00 0 
7fea3e148000-7fea3e149000 ---p 00000000 00:00 0 
7fea3e149000-7fea3e14c000 ---p 00000000 00:00 0 
7fea3e14c000-7fea3e249000 rw-p 00000000 00:00 0 
7fea3e249000-7fea3e24c000 ---p 00000000 00:00 0 
7fea3e24c000-7fea3e34a000 rw-p 00000000 00:00 0 
7fea3e34a000-7fea3e4e5000 r--p 00000000 08:01 2629926                    /usr/lib/locale/locale-archive
7fea3e4e5000-7fea3e4e8000 ---p 00000000 00:00 0 
7fea3e4e8000-7fea3e5e6000 rw-p 00000000 00:00 0 
7fea3e5e6000-7fea3e5e9000 ---p 00000000 00:00 0 
7fea3e5e9000-7fea3e6e7000 rw-p 00000000 00:00 0 
7fea3e6e7000-7fea3e6e8000 ---p 00000000 00:00 0 
7fea3e6e8000-7fea40000000 rw-p 00000000 00:00 0 
7fea40000000-7fea40021000 rw-p 00000000 00:00 0 
7fea40021000-7fea44000000 ---p 00000000 00:00 0 
7fea4407e000-7fea44280000 rw-p 00000000 00:00 0 
7fea44280000-7fea48000000 rw-p 00000000 00:00 0 
7fea48000000-7fea48021000 rw-p 00000000 00:00 0 
7fea48021000-7fea4c000000 ---p 00000000 00:00 0 
7fea4c000000-7fea4c021000 rw-p 00000000 00:00 0 
7fea4c021000-7fea50000000 ---p 00000000 00:00 0 
7fea50000000-7fea50021000 rw-p 00000000 00:00 0 
7fea50021000-7fea54000000 ---p 00000000 00:00 0 
7fea54000000-7fea54021000 rw-p 00000000 00:00 0 
7fea54021000-7fea58000000 ---p 00000000 00:00 0 
7fea58000000-7fea58021000 rw-p 00000000 00:00 0 
7fea58021000-7fea5c000000 ---p 00000000 00:00 0 
7fea5c000000-7fea5c021000 rw-p 00000000 00:00 0 
7fea5c021000-7fea60000000 ---p 00000000 00:00 0 
7fea60000000-7fea60021000 rw-p 00000000 00:00 0 
7fea60021000-7fea64000000 ---p 00000000 00:00 0 
7fea64006000-7fea6400d000 r--s 00000000 08:01 2669143                    /usr/lib/x86_64-linux-gnu/gconv/gconv-modules.cache
7fea6400d000-7fea64033000 r--p 00000000 08:01 2626128                    /usr/share/locale/es/LC_MESSAGES/libc.mo
7fea64033000-7fea6403d000 r--s 00116000 08:02 1594690                    /home/debian/Programas/jdk1.8.0_172/jre/lib/ext/localedata.jar
7fea6403d000-7fea64059000 r--s 00393000 08:02 1594682                    /home/debian/Programas/jdk1.8.0_172/jre/lib/ext/cldrdata.jar
7fea64059000-7fea6424e000 rw-p 00000000 00:00 0 
7fea6424e000-7fea64428000 r--s 03d6a000 08:02 1594238                    /home/debian/Programas/jdk1.8.0_172/jre/lib/rt.jar
7fea64428000-7fea64968000 rw-p 00000000 00:00 0 
7fea64968000-7fea64c28000 ---p 00000000 00:00 0 
7fea64c28000-7fea65000000 rw-p 00000000 00:00 0 
7fea65000000-7fea65400000 rwxp 00000000 00:00 0 
7fea65400000-7fea74000000 ---p 00000000 00:00 0 
7fea74000000-7fea743d4000 rw-p 00000000 00:00 0 
7fea743d4000-7fea78000000 ---p 00000000 00:00 0 
7fea78001000-7fea780b9000 rw-p 00000000 00:00 0 
7fea780b9000-7fea780ba000 ---p 00000000 00:00 0 
7fea780ba000-7fea781ba000 rw-p 00000000 00:00 0 
7fea781ba000-7fea781bb000 ---p 00000000 00:00 0 
7fea781bb000-7fea782bb000 rw-p 00000000 00:00 0 
7fea782bb000-7fea782bc000 ---p 00000000 00:00 0 
7fea782bc000-7fea783bc000 rw-p 00000000 00:00 0 
7fea783bc000-7fea783bd000 ---p 00000000 00:00 0 
7fea783bd000-7fea784bd000 rw-p 00000000 00:00 0 
7fea784bd000-7fea784be000 ---p 00000000 00:00 0 
7fea784be000-7fea785be000 rw-p 00000000 00:00 0 
7fea785be000-7fea785bf000 ---p 00000000 00:00 0 
7fea785bf000-7fea786bf000 rw-p 00000000 00:00 0 
7fea786bf000-7fea786c0000 ---p 00000000 00:00 0 
7fea786c0000-7fea787c0000 rw-p 00000000 00:00 0 
7fea787c0000-7fea787c1000 ---p 00000000 00:00 0 
7fea787c1000-7fea788c1000 rw-p 00000000 00:00 0 
7fea788c1000-7fea78af8000 rw-p 00000000 00:00 0 
7fea78af8000-7fea78b51000 ---p 00000000 00:00 0 
7fea78b51000-7fea78d88000 rw-p 00000000 00:00 0 
7fea78d88000-7fea78de1000 ---p 00000000 00:00 0 
7fea78de1000-7fea78f26000 rw-p 00000000 00:00 0 
7fea78f26000-7fea78f29000 ---p 00000000 00:00 0 
7fea78f29000-7fea78f3a000 rw-p 00000000 00:00 0 
7fea78f3a000-7fea792ea000 ---p 00000000 00:00 0 
7fea792ea000-7fea79305000 r-xp 00000000 08:02 1594639                    /home/debian/Programas/jdk1.8.0_172/jre/lib/amd64/libzip.so
7fea79305000-7fea79505000 ---p 0001b000 08:02 1594639                    /home/debian/Programas/jdk1.8.0_172/jre/lib/amd64/libzip.so
7fea79505000-7fea79506000 rw-p 0001b000 08:02 1594639                    /home/debian/Programas/jdk1.8.0_172/jre/lib/amd64/libzip.so
7fea79506000-7fea79510000 r-xp 00000000 08:01 656626                     /lib/x86_64-linux-gnu/libnss_files-2.24.so
7fea79510000-7fea79710000 ---p 0000a000 08:01 656626                     /lib/x86_64-linux-gnu/libnss_files-2.24.so
7fea79710000-7fea79711000 r--p 0000a000 08:01 656626                     /lib/x86_64-linux-gnu/libnss_files-2.24.so
7fea79711000-7fea79712000 rw-p 0000b000 08:01 656626                     /lib/x86_64-linux-gnu/libnss_files-2.24.so
7fea79712000-7fea79718000 rw-p 00000000 00:00 0 
7fea79718000-7fea79723000 r-xp 00000000 08:01 656628                     /lib/x86_64-linux-gnu/libnss_nis-2.24.so
7fea79723000-7fea79922000 ---p 0000b000 08:01 656628                     /lib/x86_64-linux-gnu/libnss_nis-2.24.so
7fea79922000-7fea79923000 r--p 0000a000 08:01 656628                     /lib/x86_64-linux-gnu/libnss_nis-2.24.so
7fea79923000-7fea79924000 rw-p 0000b000 08:01 656628                     /lib/x86_64-linux-gnu/libnss_nis-2.24.so
7fea79924000-7fea79938000 r-xp 00000000 08:01 656623                     /lib/x86_64-linux-gnu/libnsl-2.24.so
7fea79938000-7fea79b38000 ---p 00014000 08:01 656623                     /lib/x86_64-linux-gnu/libnsl-2.24.so
7fea79b38000-7fea79b39000 r--p 00014000 08:01 656623                     /lib/x86_64-linux-gnu/libnsl-2.24.so
7fea79b39000-7fea79b3a000 rw-p 00015000 08:01 656623                     /lib/x86_64-linux-gnu/libnsl-2.24.so
7fea79b3a000-7fea79b3c000 rw-p 00000000 00:00 0 
7fea79b3c000-7fea79b43000 r-xp 00000000 08:01 656624                     /lib/x86_64-linux-gnu/libnss_compat-2.24.so
7fea79b43000-7fea79d42000 ---p 00007000 08:01 656624                     /lib/x86_64-linux-gnu/libnss_compat-2.24.so
7fea79d42000-7fea79d43000 r--p 00006000 08:01 656624                     /lib/x86_64-linux-gnu/libnss_compat-2.24.so
7fea79d43000-7fea79d44000 rw-p 00007000 08:01 656624                     /lib/x86_64-linux-gnu/libnss_compat-2.24.so
7fea79d44000-7fea79d6f000 r-xp 00000000 08:02 1594605                    /home/debian/Programas/jdk1.8.0_172/jre/lib/amd64/libjava.so
7fea79d6f000-7fea79f6e000 ---p 0002b000 08:02 1594605                    /home/debian/Programas/jdk1.8.0_172/jre/lib/amd64/libjava.so
7fea79f6e000-7fea79f70000 rw-p 0002a000 08:02 1594605                    /home/debian/Programas/jdk1.8.0_172/jre/lib/amd64/libjava.so
7fea79f70000-7fea79f7d000 r-xp 00000000 08:02 1594611                    /home/debian/Programas/jdk1.8.0_172/jre/lib/amd64/libverify.so
7fea79f7d000-7fea7a17d000 ---p 0000d000 08:02 1594611                    /home/debian/Programas/jdk1.8.0_172/jre/lib/amd64/libverify.so
7fea7a17d000-7fea7a17f000 rw-p 0000d000 08:02 1594611                    /home/debian/Programas/jdk1.8.0_172/jre/lib/amd64/libverify.so
7fea7a17f000-7fea7a186000 r-xp 00000000 08:01 656633                     /lib/x86_64-linux-gnu/librt-2.24.so
7fea7a186000-7fea7a385000 ---p 00007000 08:01 656633                     /lib/x86_64-linux-gnu/librt-2.24.so
7fea7a385000-7fea7a386000 r--p 00006000 08:01 656633                     /lib/x86_64-linux-gnu/librt-2.24.so
7fea7a386000-7fea7a387000 rw-p 00007000 08:01 656633                     /lib/x86_64-linux-gnu/librt-2.24.so
7fea7a387000-7fea7a48a000 r-xp 00000000 08:01 656620                     /lib/x86_64-linux-gnu/libm-2.24.so
7fea7a48a000-7fea7a689000 ---p 00103000 08:01 656620                     /lib/x86_64-linux-gnu/libm-2.24.so
7fea7a689000-7fea7a68a000 r--p 00102000 08:01 656620                     /lib/x86_64-linux-gnu/libm-2.24.so
7fea7a68a000-7fea7a68b000 rw-p 00103000 08:01 656620                     /lib/x86_64-linux-gnu/libm-2.24.so
7fea7a68b000-7fea7b367000 r-xp 00000000 08:02 1595504                    /home/debian/Programas/jdk1.8.0_172/jre/lib/amd64/server/libjvm.so
7fea7b367000-7fea7b567000 ---p 00cdc000 08:02 1595504                    /home/debian/Programas/jdk1.8.0_172/jre/lib/amd64/server/libjvm.so
7fea7b567000-7fea7b641000 rw-p 00cdc000 08:02 1595504                    /home/debian/Programas/jdk1.8.0_172/jre/lib/amd64/server/libjvm.so
7fea7b641000-7fea7b68c000 rw-p 00000000 00:00 0 
7fea7b68c000-7fea7b821000 r-xp 00000000 08:01 656616                     /lib/x86_64-linux-gnu/libc-2.24.so
7fea7b821000-7fea7ba21000 ---p 00195000 08:01 656616                     /lib/x86_64-linux-gnu/libc-2.24.so
7fea7ba21000-7fea7ba25000 r--p 00195000 08:01 656616                     /lib/x86_64-linux-gnu/libc-2.24.so
7fea7ba25000-7fea7ba27000 rw-p 00199000 08:01 656616                     /lib/x86_64-linux-gnu/libc-2.24.so
7fea7ba27000-7fea7ba2b000 rw-p 00000000 00:00 0 
7fea7ba2b000-7fea7ba2e000 r-xp 00000000 08:01 656619                     /lib/x86_64-linux-gnu/libdl-2.24.so
7fea7ba2e000-7fea7bc2d000 ---p 00003000 08:01 656619                     /lib/x86_64-linux-gnu/libdl-2.24.so
7fea7bc2d000-7fea7bc2e000 r--p 00002000 08:01 656619                     /lib/x86_64-linux-gnu/libdl-2.24.so
7fea7bc2e000-7fea7bc2f000 rw-p 00003000 08:01 656619                     /lib/x86_64-linux-gnu/libdl-2.24.so
7fea7bc2f000-7fea7bc45000 r-xp 00000000 08:02 1595387                    /home/debian/Programas/jdk1.8.0_172/jre/lib/amd64/jli/libjli.so
7fea7bc45000-7fea7be44000 ---p 00016000 08:02 1595387                    /home/debian/Programas/jdk1.8.0_172/jre/lib/amd64/jli/libjli.so
7fea7be44000-7fea7be45000 rw-p 00015000 08:02 1595387                    /home/debian/Programas/jdk1.8.0_172/jre/lib/amd64/jli/libjli.so
7fea7be45000-7fea7be5d000 r-xp 00000000 08:01 656631                     /lib/x86_64-linux-gnu/libpthread-2.24.so
7fea7be5d000-7fea7c05c000 ---p 00018000 08:01 656631                     /lib/x86_64-linux-gnu/libpthread-2.24.so
7fea7c05c000-7fea7c05d000 r--p 00017000 08:01 656631                     /lib/x86_64-linux-gnu/libpthread-2.24.so
7fea7c05d000-7fea7c05e000 rw-p 00018000 08:01 656631                     /lib/x86_64-linux-gnu/libpthread-2.24.so
7fea7c05e000-7fea7c062000 rw-p 00000000 00:00 0 
7fea7c062000-7fea7c085000 r-xp 00000000 08:01 656612                     /lib/x86_64-linux-gnu/ld-2.24.so
7fea7c088000-7fea7c14d000 rw-p 00000000 00:00 0 
7fea7c14d000-7fea7c14e000 ---p 00000000 00:00 0 
7fea7c14e000-7fea7c151000 ---p 00000000 00:00 0 
7fea7c151000-7fea7c250000 rw-p 00000000 00:00 0 
7fea7c252000-7fea7c279000 rw-p 00000000 00:00 0 
7fea7c279000-7fea7c281000 rw-s 00000000 08:01 4736778                    /tmp/hsperfdata_debian/29331
7fea7c281000-7fea7c282000 rw-p 00000000 00:00 0 
7fea7c282000-7fea7c283000 ---p 00000000 00:00 0 
7fea7c283000-7fea7c285000 rw-p 00000000 00:00 0 
7fea7c285000-7fea7c286000 r--p 00023000 08:01 656612                     /lib/x86_64-linux-gnu/ld-2.24.so
7fea7c286000-7fea7c287000 rw-p 00024000 08:01 656612                     /lib/x86_64-linux-gnu/ld-2.24.so
7fea7c287000-7fea7c288000 rw-p 00000000 00:00 0 
7fff875ae000-7fff875cf000 rw-p 00000000 00:00 0                          [stack]
7fff875fa000-7fff875fd000 r--p 00000000 00:00 0                          [vvar]
7fff875fd000-7fff875ff000 r-xp 00000000 00:00 0                          [vdso]

VM Arguments:
jvm_args: -Dfile.encoding=UTF-8 
java_command: main.mochila.cuadratica.MainMochilaCuadratica
java_class_path (initial): /home/debian/Documentos/Proyecto_grado/frameworks/framework-java-metaheuristicas/framework-metaheuristicas/build/classes
Launcher Type: SUN_STANDARD

Environment Variables:
PATH=/usr/local/bin:/usr/bin:/bin:/usr/local/games:/usr/games:/home/debian/Android/Sdk/tools
LD_LIBRARY_PATH=/home/debian/Programas/jdk1.8.0_172/jre/lib/amd64:/home/debian/Programas/jdk1.8.0_172/jre/lib/i386:
SHELL=/bin/bash
DISPLAY=:0

Signal Handlers:
SIGSEGV: [libjvm.so+0xad2ab0], sa_mask[0]=11111111011111111101111111111110, sa_flags=SA_RESTART|SA_SIGINFO
SIGBUS: [libjvm.so+0xad2ab0], sa_mask[0]=11111111011111111101111111111110, sa_flags=SA_RESTART|SA_SIGINFO
SIGFPE: [libjvm.so+0x92a790], sa_mask[0]=11111111011111111101111111111110, sa_flags=SA_RESTART|SA_SIGINFO
SIGPIPE: [libjvm.so+0x92a790], sa_mask[0]=11111111011111111101111111111110, sa_flags=SA_RESTART|SA_SIGINFO
SIGXFSZ: [libjvm.so+0x92a790], sa_mask[0]=11111111011111111101111111111110, sa_flags=SA_RESTART|SA_SIGINFO
SIGILL: [libjvm.so+0x92a790], sa_mask[0]=11111111011111111101111111111110, sa_flags=SA_RESTART|SA_SIGINFO
